[14-Mar-2025 00:25:49 UTC] PHP Fatal error:  Out of memory (allocated 35651584) (tried to allocate 2097152 bytes) in /workspaces/UX308Lab6/.wordpress/wp-content/plugins/ecommerce-product-catalog/modules/price/price-meta.php on line 70
[14-Mar-2025 00:25:50 UTC] PHP Fatal error:  Out of memory (allocated 33554432) (tried to allocate 2097152 bytes) in /workspaces/UX308Lab6/.wordpress/wp-content/plugins/ecommerce-product-catalog/modules/price/price-meta.php on line 32
[14-Mar-2025 00:25:53 UTC] PHP Fatal error:  Out of memory (allocated 31457280) (tried to allocate 2097152 bytes) in /workspaces/UX308Lab6/.wordpress/wp-content/plugins/ecommerce-product-catalog/modules/price/price-meta.php on line 70
[14-Mar-2025 00:25:54 UTC] PHP Fatal error:  Out of memory (allocated 29360128) (tried to allocate 2097152 bytes) in /workspaces/UX308Lab6/.wordpress/wp-content/plugins/ecommerce-product-catalog/modules/price/price-meta.php on line 70
[14-Mar-2025 00:25:58 UTC] PHP Fatal error:  Out of memory (allocated 29360128) (tried to allocate 2097152 bytes) in /workspaces/UX308Lab6/.wordpress/wp-content/plugins/ecommerce-product-catalog/modules/price/price-settings.php on line 28
[14-Mar-2025 00:25:59 UTC] PHP Fatal error:  Out of memory (allocated 29360128) (tried to allocate 2097152 bytes) in /workspaces/UX308Lab6/.wordpress/wp-content/plugins/ecommerce-product-catalog/modules/price/price-meta.php on line 32
[14-Mar-2025 00:26:03 UTC] PHP Fatal error:  Out of memory (allocated 29360128) (tried to allocate 2097152 bytes) in /workspaces/UX308Lab6/.wordpress/wp-content/plugins/ecommerce-product-catalog/modules/price/price-settings.php on line 30
[14-Mar-2025 00:26:03 UTC] PHP Fatal error:  Out of memory (allocated 29360128) (tried to allocate 2097152 bytes) in /workspaces/UX308Lab6/.wordpress/wp-content/plugins/ecommerce-product-catalog/modules/price/price-settings.php on line 30
[14-Mar-2025 00:26:03 UTC] PHP Fatal error:  Out of memory (allocated 29360128) (tried to allocate 2097152 bytes) in /workspaces/UX308Lab6/.wordpress/wp-content/plugins/ecommerce-product-catalog/modules/price/price-settings.php on line 30
[14-Mar-2025 00:26:04 UTC] PHP Fatal error:  Out of memory (allocated 29360128) (tried to allocate 2097152 bytes) in /workspaces/UX308Lab6/.wordpress/wp-content/plugins/ecommerce-product-catalog/modules/price/price-settings.php on line 28
[14-Mar-2025 00:26:06 UTC] PHP Fatal error:  Out of memory (allocated 29360128) (tried to allocate 2097152 bytes) in /workspaces/UX308Lab6/.wordpress/wp-content/plugins/ecommerce-product-catalog/modules/price/price-settings.php on line 28
[14-Mar-2025 00:26:09 UTC] PHP Fatal error:  Out of memory (allocated 29360128) (tried to allocate 2097152 bytes) in /workspaces/UX308Lab6/.wordpress/wp-content/plugins/ecommerce-product-catalog/modules/price/price-meta.php on line 32
[14-Mar-2025 00:26:10 UTC] PHP Fatal error:  Out of memory (allocated 29360128) (tried to allocate 2097152 bytes) in /workspaces/UX308Lab6/.wordpress/wp-content/plugins/ecommerce-product-catalog/modules/price/price-settings.php on line 28
[14-Mar-2025 00:26:13 UTC] PHP Fatal error:  Out of memory (allocated 29360128) (tried to allocate 2097152 bytes) in /workspaces/UX308Lab6/.wordpress/wp-content/plugins/ecommerce-product-catalog/modules/price/price-meta.php on line 57
[14-Mar-2025 00:26:14 UTC] PHP Fatal error:  Out of memory (allocated 29360128) (tried to allocate 2097152 bytes) in /workspaces/UX308Lab6/.wordpress/wp-content/plugins/ecommerce-product-catalog/modules/index.php on line 15
[14-Mar-2025 00:26:24 UTC] PHP Fatal error:  Out of memory (allocated 29360128) (tried to allocate 2097152 bytes) in /workspaces/UX308Lab6/.wordpress/wp-content/plugins/ecommerce-product-catalog/functions/shortcodes.php on line 142
[14-Mar-2025 00:26:27 UTC] PHP Fatal error:  Out of memory (allocated 29360128) (tried to allocate 2097152 bytes) in /workspaces/UX308Lab6/.wordpress/wp-content/plugins/ecommerce-product-catalog/modules/price/price-settings.php on line 31
[14-Mar-2025 00:26:29 UTC] PHP Fatal error:  Out of memory (allocated 29360128) (tried to allocate 2097152 bytes) in /workspaces/UX308Lab6/.wordpress/wp-content/plugins/ecommerce-product-catalog/modules/index.php on line 15
[14-Mar-2025 00:26:34 UTC] PHP Fatal error:  Out of memory (allocated 29360128) (tried to allocate 2097152 bytes) in /workspaces/UX308Lab6/.wordpress/wp-content/plugins/ecommerce-product-catalog/modules/index.php on line 15
[14-Mar-2025 00:26:47 UTC] PHP Fatal error:  Out of memory (allocated 29360128) (tried to allocate 2097152 bytes) in /workspaces/UX308Lab6/.wordpress/wp-content/plugins/ecommerce-product-catalog/modules/price/price-settings.php on line 31
[14-Mar-2025 00:27:13 UTC] PHP Fatal error:  Out of memory (allocated 29360128) (tried to allocate 2097152 bytes) in /workspaces/UX308Lab6/.wordpress/wp-content/plugins/ecommerce-product-catalog/modules/price/price-settings.php on line 31
[14-Mar-2025 00:27:22 UTC] PHP Fatal error:  Out of memory (allocated 29360128) (tried to allocate 2097152 bytes) in /workspaces/UX308Lab6/.wordpress/wp-content/plugins/ecommerce-product-catalog/modules/price/price-settings.php on line 31
[14-Mar-2025 00:53:28 UTC] PHP Fatal error:  Out of memory (allocated 33554432) (tried to allocate 2097152 bytes) in /workspaces/UX308Lab6/.wordpress/wp-content/plugins/ecommerce-product-catalog/modules/price/price-settings.php on line 26
[14-Mar-2025 00:53:28 UTC] PHP Fatal error:  Out of memory (allocated 31457280) (tried to allocate 2097152 bytes) in /workspaces/UX308Lab6/.wordpress/wp-content/plugins/ecommerce-product-catalog/modules/price/price-settings.php on line 28
[14-Mar-2025 00:53:29 UTC] PHP Fatal error:  Out of memory (allocated 29360128) (tried to allocate 2097152 bytes) in /workspaces/UX308Lab6/.wordpress/wp-content/plugins/ecommerce-product-catalog/modules/price/price-settings.php on line 28
[14-Mar-2025 00:53:29 UTC] PHP Fatal error:  Out of memory (allocated 29360128) (tried to allocate 2097152 bytes) in /workspaces/UX308Lab6/.wordpress/wp-content/plugins/ecommerce-product-catalog/modules/price/price-settings.php on line 28
[14-Mar-2025 00:53:29 UTC] PHP Fatal error:  Out of memory (allocated 29360128) (tried to allocate 2097152 bytes) in /workspaces/UX308Lab6/.wordpress/wp-content/plugins/ecommerce-product-catalog/modules/price/price-settings.php on line 28
[14-Mar-2025 00:53:35 UTC] PHP Fatal error:  Out of memory (allocated 29360128) (tried to allocate 2097152 bytes) in /workspaces/UX308Lab6/.wordpress/wp-content/plugins/ecommerce-product-catalog/modules/price/price-meta.php on line 32
[14-Mar-2025 00:54:06 UTC] PHP Fatal error:  Out of memory (allocated 29360128) (tried to allocate 2097152 bytes) in /workspaces/UX308Lab6/.wordpress/wp-content/plugins/ecommerce-product-catalog/modules/price/price-meta.php on line 32
[14-Mar-2025 00:54:16 UTC] PHP Fatal error:  Out of memory (allocated 29360128) (tried to allocate 2097152 bytes) in /workspaces/UX308Lab6/.wordpress/wp-content/plugins/ecommerce-product-catalog/modules/price/price-meta.php on line 32
[14-Mar-2025 00:54:22 UTC] PHP Fatal error:  Out of memory (allocated 29360128) (tried to allocate 2097152 bytes) in /workspaces/UX308Lab6/.wordpress/wp-content/plugins/ecommerce-product-catalog/modules/price/price-settings.php on line 26
[14-Mar-2025 00:54:25 UTC] PHP Fatal error:  Out of memory (allocated 29360128) (tried to allocate 2097152 bytes) in /workspaces/UX308Lab6/.wordpress/wp-content/plugins/ecommerce-product-catalog/modules/price/price-settings.php on line 26
[14-Mar-2025 00:54:26 UTC] PHP Fatal error:  Out of memory (allocated 29360128) (tried to allocate 2097152 bytes) in /workspaces/UX308Lab6/.wordpress/wp-content/plugins/ecommerce-product-catalog/modules/price/price-meta.php on line 32
[14-Mar-2025 00:54:28 UTC] PHP Fatal error:  Out of memory (allocated 29360128) (tried to allocate 2097152 bytes) in /workspaces/UX308Lab6/.wordpress/wp-content/plugins/ecommerce-product-catalog/modules/price/price-settings.php on line 28
[14-Mar-2025 00:54:28 UTC] PHP Fatal error:  Out of memory (allocated 29360128) (tried to allocate 2097152 bytes) in /workspaces/UX308Lab6/.wordpress/wp-content/plugins/ecommerce-product-catalog/modules/price/price-settings.php on line 28
[14-Mar-2025 00:54:28 UTC] PHP Fatal error:  Out of memory (allocated 29360128) (tried to allocate 2097152 bytes) in /workspaces/UX308Lab6/.wordpress/wp-content/plugins/ecommerce-product-catalog/modules/price/price-settings.php on line 28
[14-Mar-2025 00:54:29 UTC] PHP Fatal error:  Out of memory (allocated 29360128) (tried to allocate 2097152 bytes) in /workspaces/UX308Lab6/.wordpress/wp-content/plugins/ecommerce-product-catalog/modules/price/price-settings.php on line 26
[14-Mar-2025 00:54:31 UTC] PHP Fatal error:  Out of memory (allocated 29360128) (tried to allocate 2097152 bytes) in /workspaces/UX308Lab6/.wordpress/wp-content/plugins/ecommerce-product-catalog/modules/price/price-meta.php on line 38
[14-Mar-2025 00:54:32 UTC] PHP Fatal error:  Out of memory (allocated 29360128) (tried to allocate 2097152 bytes) in /workspaces/UX308Lab6/.wordpress/wp-content/plugins/ecommerce-product-catalog/modules/price/price-functions.php on line 104
[14-Mar-2025 00:54:42 UTC] PHP Fatal error:  Out of memory (allocated 29360128) (tried to allocate 2097152 bytes) in /workspaces/UX308Lab6/.wordpress/wp-content/plugins/ecommerce-product-catalog/modules/price/price-settings.php on line 31
[14-Mar-2025 00:54:57 UTC] PHP Fatal error:  Out of memory (allocated 29360128) (tried to allocate 2097152 bytes) in /workspaces/UX308Lab6/.wordpress/wp-content/plugins/ecommerce-product-catalog/modules/price/price-settings.php on line 31
